WARNING: A terminally deprecated method in sun.misc.Unsafe has been called
WARNING: sun.misc.Unsafe::objectFieldOffset has been called by akka.util.Unsafe (file:/Users/gabrielgyandoh/.cache/firebase/emulators/firebase-database-emulator-v4.11.2.jar)
WARNING: Please consider reporting this to the maintainers of class akka.util.Unsafe
WARNING: sun.misc.Unsafe::objectFieldOffset will be removed in a future release
20:55:30.927 [NamespaceSystem-akka.actor.default-dispatcher-4] INFO akka.event.slf4j.Slf4jLogger - Slf4jLogger started
20:55:31.035 [main] INFO com.firebase.server.forge.App$ - Listening at 0.0.0.0:9000
20:55:58.713 [NamespaceSystem-akka.actor.default-dispatcher-4] INFO com.firebase.core.namespace.NamespaceActor - fake-server successfully activated FBKV (SurveyIdle(0)) wait: 107ms, init: 0ms
20:55:58.760 [NamespaceSystem-blocking-namespace-operation-dispatcher-6] INFO com.firebase.core.namespace.StateManager - Namespace fake-server status Active to Active
20:55:58.808 [FirebaseWorkerPool-1-2] WARN com.firebase.core.persistence.backend.dummy.EmulatorMetadataPersistence - Multiple projectIds are not recommended in single project mode. Requested 
namespace kochanet-interview-default-rtdb, but the emulator is configured for fake-server. To 
opt-out of single project mode add/set the singleProjectMode: false property in 
the firebase.json emulators config. 
20:55:58.811 [NamespaceSystem-akka.actor.default-dispatcher-5] INFO com.firebase.core.namespace.NamespaceActor - kochanet-interview-default-rtdb successfully activated FBKV (SurveyIdle(0)) wait: 1ms, init: 0ms
20:55:58.819 [NamespaceSystem-blocking-namespace-operation-dispatcher-6] INFO com.firebase.core.namespace.StateManager - Namespace kochanet-interview-default-rtdb status Active to Active
23:36:51.419 [FirebaseWorkerPool-1-3] WARN com.firebase.core.persistence.backend.dummy.EmulatorMetadataPersistence - Multiple projectIds are not recommended in single project mode. Requested 
namespace kochanet-interview-2bce3-default-rtdb, but the emulator is configured for kochanet-interview-default-rtdb,fake-server. To 
opt-out of single project mode add/set the singleProjectMode: false property in 
the firebase.json emulators config. 
23:36:51.598 [NamespaceSystem-akka.actor.default-dispatcher-13] INFO com.firebase.core.namespace.NamespaceActor - kochanet-interview-2bce3-default-rtdb successfully activated FBKV (SurveyIdle(0)) wait: 42ms, init: 0ms
23:36:52.403 [NamespaceSystem-blocking-namespace-operation-dispatcher-15] INFO com.firebase.core.stats.EventAuditLog - {"eventId":"dSTgCEpPImjw7W0qL0ZUJNw/PYI=","namespace":"kochanet-interview-2bce3-default-rtdb","projectNumber":"123456789","eventType":"google.firebase.database.ref.v1.written","flowName":"projects/kochanet-interview/topics/us-central1-onUserStatusChanged-0","resource":"projects/_/instances/kochanet-interview-2bce3-default-rtdb/refs/status/dgb2TrJEdKZKtvXSX7Nc91OXJNJl","evaluationTimestamp":"2026-04-09T23:36:52.361Z","stage":"TRIGGERED"}
23:36:52.454 [NamespaceSystem-blocking-namespace-operation-dispatcher-15] INFO com.firebase.core.stats.EventAuditLog - {"eventId":"PQKl9oGT057UpBpLNSDfQq9UmzY=","namespace":"kochanet-interview-2bce3-default-rtdb","projectNumber":"123456789","eventType":"google.firebase.database.ref.v1.written","flowName":"projects/kochanet-interview/topics/us-central1-onUserStatusChanged-0","resource":"projects/_/instances/kochanet-interview-2bce3-default-rtdb/refs/status/dgb2TrJEdKZKtvXSX7Nc91OXJNJl","evaluationTimestamp":"2026-04-09T23:36:52.451Z","stage":"TRIGGERED"}
23:42:38.071 [NamespaceSystem-blocking-namespace-operation-dispatcher-20] INFO com.firebase.core.stats.EventAuditLog - {"eventId":"S9yFHmfJdGY8noWlsZ56Y1ST+IU=","namespace":"kochanet-interview-2bce3-default-rtdb","projectNumber":"123456789","eventType":"google.firebase.database.ref.v1.written","flowName":"projects/kochanet-interview/topics/us-central1-onUserStatusChanged-0","resource":"projects/_/instances/kochanet-interview-2bce3-default-rtdb/refs/status/dgb2TrJEdKZKtvXSX7Nc91OXJNJl","evaluationTimestamp":"2026-04-09T23:42:37.978Z","stage":"TRIGGERED"}
23:44:17.813 [NamespaceSystem-blocking-namespace-operation-dispatcher-25] INFO com.firebase.core.stats.EventAuditLog - {"eventId":"QLilYKcCkKSl8fhiSrlVHnKH+W8=","namespace":"kochanet-interview-2bce3-default-rtdb","projectNumber":"123456789","eventType":"google.firebase.database.ref.v1.written","flowName":"projects/kochanet-interview/topics/us-central1-onUserStatusChanged-0","resource":"projects/_/instances/kochanet-interview-2bce3-default-rtdb/refs/status/dgb2TrJEdKZKtvXSX7Nc91OXJNJl","evaluationTimestamp":"2026-04-09T23:44:17.742Z","stage":"TRIGGERED"}
23:44:17.830 [NamespaceSystem-blocking-namespace-operation-dispatcher-25] INFO com.firebase.core.stats.EventAuditLog - {"eventId":"+GR9kVt2tj/MDQ46tH/xDhRY3KU=","namespace":"kochanet-interview-2bce3-default-rtdb","projectNumber":"123456789","eventType":"google.firebase.database.ref.v1.written","flowName":"projects/kochanet-interview/topics/us-central1-onUserStatusChanged-0","resource":"projects/_/instances/kochanet-interview-2bce3-default-rtdb/refs/status/dgb2TrJEdKZKtvXSX7Nc91OXJNJl","evaluationTimestamp":"2026-04-09T23:44:17.829Z","stage":"TRIGGERED"}
23:45:10.427 [NamespaceSystem-blocking-namespace-operation-dispatcher-29] INFO com.firebase.core.stats.EventAuditLog - {"eventId":"rmHu0NYgq1ZKBEajPdLts6S4aWY=","namespace":"kochanet-interview-2bce3-default-rtdb","projectNumber":"123456789","eventType":"google.firebase.database.ref.v1.written","flowName":"projects/kochanet-interview/topics/us-central1-onUserStatusChanged-0","resource":"projects/_/instances/kochanet-interview-2bce3-default-rtdb/refs/status/dgb2TrJEdKZKtvXSX7Nc91OXJNJl","evaluationTimestamp":"2026-04-09T23:45:10.378Z","stage":"TRIGGERED"}
23:45:10.630 [NamespaceSystem-blocking-namespace-operation-dispatcher-29] INFO com.firebase.core.stats.EventAuditLog - {"eventId":"CJnTzvjUnfEv6veBFpA39DgcaXI=","namespace":"kochanet-interview-2bce3-default-rtdb","projectNumber":"123456789","eventType":"google.firebase.database.ref.v1.written","flowName":"projects/kochanet-interview/topics/us-central1-onUserStatusChanged-0","resource":"projects/_/instances/kochanet-interview-2bce3-default-rtdb/refs/status/dgb2TrJEdKZKtvXSX7Nc91OXJNJl","evaluationTimestamp":"2026-04-09T23:45:10.630Z","stage":"TRIGGERED"}
23:45:10.633 [NamespaceSystem-blocking-namespace-operation-dispatcher-29] INFO com.firebase.core.stats.EventAuditLog - {"eventId":"QB8QN2KsO+Hs0hkOvaL8xJLIras=","namespace":"kochanet-interview-2bce3-default-rtdb","projectNumber":"123456789","eventType":"google.firebase.database.ref.v1.written","flowName":"projects/kochanet-interview/topics/us-central1-onUserStatusChanged-0","resource":"projects/_/instances/kochanet-interview-2bce3-default-rtdb/refs/status/dgb2TrJEdKZKtvXSX7Nc91OXJNJl","evaluationTimestamp":"2026-04-09T23:45:10.632Z","stage":"TRIGGERED"}
